<?xml version="1.0" encoding="UTF-8"?>
<!-- Generated by org.testng.reporters.JUnitXMLReporter -->
<testsuite ignored="0" hostname="LAPTOP-H28HP609" failures="0" tests="10" name="Test1" time="116.837" errors="0" timestamp="2024-04-15T18:31:11 IST">
  <testcase classname="MaxFestprojectPackage.MaxFestProject" name="Invalidlogin" time="4.044"/>
  <testcase classname="MaxFestprojectPackage.MaxFestProject" name="Login" time="7.607"/>
  <testcase classname="MaxFestprojectPackage.MaxFestProject" name="alerttour" time="3.122"/>
  <testcase classname="MaxFestprojectPackage.MaxFestProject" name="clickBrand" time="4.879"/>
  <testcase classname="MaxFestprojectPackage.MaxFestProject" name="SearchBrand" time="12.162"/>
  <testcase classname="MaxFestprojectPackage.MaxFestProject" name="clickUnit" time="17.75"/>
  <testcase classname="MaxFestprojectPackage.MaxFestProject" name="SerachUnit" time="4.19"/>
  <testcase classname="MaxFestprojectPackage.MaxFestProject" name="clickCategories" time="5.936"/>
  <testcase classname="MaxFestprojectPackage.MaxFestProject" name="SearchCategories" time="6.519"/>
  <testcase classname="MaxFestprojectPackage.MaxFestProject" name="addproducts" time="40.029"/>
</testsuite> <!-- Test1 -->
