<?xml version="1.0" encoding="UTF-8"?>
<!-- Generated by org.testng.reporters.JUnitXMLReporter -->
<testsuite ignored="0" hostname="LAPTOP-H28HP609" failures="0" tests="7" name="Test" time="124.109" errors="0" timestamp="2024-04-04T12:47:16 IST">
  <testcase classname="Testproject.DemoProject" name="Invalidlogin" time="2.822"/>
  <testcase classname="Testproject.DemoProject" name="Login" time="19.538"/>
  <testcase classname="Testproject.DemoProject" name="alerttour" time="0.067"/>
  <testcase classname="Testproject.DemoProject" name="clickBrand" time="17.701"/>
  <testcase classname="Testproject.DemoProject" name="clickUnit" time="16.501"/>
  <testcase classname="Testproject.DemoProject" name="clickCategories" time="7.613"/>
  <testcase classname="Testproject.DemoProject" name="addproducts" time="46.458"/>
</testsuite> <!-- Test -->
