<?xml version="1.0" encoding="UTF-8"?>
<!-- Generated by org.testng.reporters.JUnitXMLReporter -->
<testsuite ignored="0" hostname="LAPTOP-H28HP609" failures="0" tests="10" name="Test" time="130.879" errors="0" timestamp="2024-04-11T10:27:02 IST">
  <testcase classname="Testproject.DemoProject" name="Invalidlogin" time="3.396"/>
  <testcase classname="Testproject.DemoProject" name="Login" time="20.736"/>
  <testcase classname="Testproject.DemoProject" name="alerttour" time="0.071"/>
  <testcase classname="Testproject.DemoProject" name="clickBrand" time="4.002"/>
  <testcase classname="Testproject.DemoProject" name="SearchBrand" time="14.286"/>
  <testcase classname="Testproject.DemoProject" name="clickUnit" time="13.512"/>
  <testcase classname="Testproject.DemoProject" name="SerachUnit" time="2.222"/>
  <testcase classname="Testproject.DemoProject" name="clickCategories" time="5.586"/>
  <testcase classname="Testproject.DemoProject" name="SearchCategories" time="3.338"/>
  <testcase classname="Testproject.DemoProject" name="addproducts" time="47.504"/>
</testsuite> <!-- Test -->
