<?xml version="1.0" encoding="UTF-8"?>
<testng-results ignored="0" total="7" passed="7" failed="0" skipped="0">
  <reporter-output>
  </reporter-output>
  <suite started-at="2024-04-04T12:45:12 IST" name="Suite" finished-at="2024-04-04T12:47:16 IST" duration-ms="124109">
    <groups>
      <group name="functional">
        <method signature="DemoProject.Invalidlogin(java.lang.String,java.lang.String)[pri:1, instance:Testproject.DemoProject@59309333]" name="Invalidlogin" class="Testproject.DemoProject"/>
        <method signature="DemoProject.Login()[pri:2, instance:Testproject.DemoProject@59309333]" name="Login" class="Testproject.DemoProject"/>
        <method signature="DemoProject.addproducts()[pri:7, instance:Testproject.DemoProject@59309333]" name="addproducts" class="Testproject.DemoProject"/>
        <method signature="DemoProject.alerttour()[pri:3, instance:Testproject.DemoProject@59309333]" name="alerttour" class="Testproject.DemoProject"/>
        <method signature="DemoProject.clickBrand()[pri:4, instance:Testproject.DemoProject@59309333]" name="clickBrand" class="Testproject.DemoProject"/>
        <method signature="DemoProject.clickCategories()[pri:6, instance:Testproject.DemoProject@59309333]" name="clickCategories" class="Testproject.DemoProject"/>
        <method signature="DemoProject.clickUnit()[pri:5, instance:Testproject.DemoProject@59309333]" name="clickUnit" class="Testproject.DemoProject"/>
      </group> <!-- functional -->
    </groups>
    <test started-at="2024-04-04T12:45:12 IST" name="Test" finished-at="2024-04-04T12:47:16 IST" duration-ms="124109">
      <class name="Testproject.DemoProject">
        <test-method is-config="true" signature="extendreportgenerate()[pri:0, instance:Testproject.DemoProject@59309333]" started-at="2024-04-04T12:45:11 IST" name="extendreportgenerate" finished-at="2024-04-04T12:45:12 IST" duration-ms="215" status="PASS">
          <reporter-output>
          </reporter-output>
        </test-method> <!-- extendreportgenerate -->
        <test-method is-config="true" signature="beforeTest(java.lang.String,java.lang.String)[pri:0, instance:Testproject.DemoProject@59309333]" started-at="2024-04-04T12:45:12 IST" name="beforeTest" finished-at="2024-04-04T12:45:25 IST" duration-ms="13329" status="PASS">
          <params>
            <param index="0">
              <value>
                <![CDATA[Chrome]]>
              </value>
            </param>
            <param index="1">
              <value>
                <![CDATA[https://qalegend.com/billing/public/products]]>
              </value>
            </param>
          </params>
          <reporter-output>
          </reporter-output>
        </test-method> <!-- beforeTest -->
        <test-method signature="Invalidlogin(java.lang.String,java.lang.String)[pri:1, instance:Testproject.DemoProject@59309333]" started-at="2024-04-04T12:45:25 IST" name="Invalidlogin" data-provider="data-provider" finished-at="2024-04-04T12:45:28 IST" duration-ms="2822" status="PASS">
          <params>
            <param index="0">
              <value>
                <![CDATA[admin]]>
              </value>
            </param>
            <param index="1">
              <value>
                <![CDATA[A23456]]>
              </value>
            </param>
          </params>
          <reporter-output>
          </reporter-output>
        </test-method> <!-- Invalidlogin -->
        <test-method signature="Login()[pri:2, instance:Testproject.DemoProject@59309333]" started-at="2024-04-04T12:45:28 IST" name="Login" finished-at="2024-04-04T12:45:47 IST" duration-ms="19538" status="PASS">
          <reporter-output>
          </reporter-output>
        </test-method> <!-- Login -->
        <test-method signature="alerttour()[pri:3, instance:Testproject.DemoProject@59309333]" started-at="2024-04-04T12:45:47 IST" name="alerttour" finished-at="2024-04-04T12:45:47 IST" duration-ms="67" status="PASS">
          <reporter-output>
          </reporter-output>
        </test-method> <!-- alerttour -->
        <test-method signature="clickBrand()[pri:4, instance:Testproject.DemoProject@59309333]" started-at="2024-04-04T12:45:47 IST" name="clickBrand" finished-at="2024-04-04T12:46:05 IST" duration-ms="17701" status="PASS">
          <reporter-output>
          </reporter-output>
        </test-method> <!-- clickBrand -->
        <test-method signature="clickUnit()[pri:5, instance:Testproject.DemoProject@59309333]" started-at="2024-04-04T12:46:05 IST" name="clickUnit" finished-at="2024-04-04T12:46:22 IST" duration-ms="16501" status="PASS">
          <reporter-output>
          </reporter-output>
        </test-method> <!-- clickUnit -->
        <test-method signature="clickCategories()[pri:6, instance:Testproject.DemoProject@59309333]" started-at="2024-04-04T12:46:22 IST" name="clickCategories" finished-at="2024-04-04T12:46:29 IST" duration-ms="7613" status="PASS">
          <reporter-output>
          </reporter-output>
        </test-method> <!-- clickCategories -->
        <test-method signature="addproducts()[pri:7, instance:Testproject.DemoProject@59309333]" started-at="2024-04-04T12:46:29 IST" name="addproducts" finished-at="2024-04-04T12:47:16 IST" duration-ms="46458" status="PASS">
          <reporter-output>
          </reporter-output>
        </test-method> <!-- addproducts -->
        <test-method is-config="true" signature="afterTest()[pri:0, instance:Testproject.DemoProject@59309333]" started-at="2024-04-04T12:47:16 IST" name="afterTest" finished-at="2024-04-04T12:47:16 IST" duration-ms="0" status="PASS">
          <reporter-output>
          </reporter-output>
        </test-method> <!-- afterTest -->
        <test-method is-config="true" signature="closereport()[pri:0, instance:Testproject.DemoProject@59309333]" started-at="2024-04-04T12:47:16 IST" name="closereport" finished-at="2024-04-04T12:47:16 IST" duration-ms="453" status="PASS">
          <reporter-output>
          </reporter-output>
        </test-method> <!-- closereport -->
      </class> <!-- Testproject.DemoProject -->
    </test> <!-- Test -->
  </suite> <!-- Suite -->
</testng-results>
